2024-06-10 05:03:23,844 p=54559 u=root n=ansible |   hosts (1):
2024-06-10 05:03:23,845 p=54559 u=root n=ansible |     192.168.0.102
2024-06-10 05:05:20,465 p=54606 u=root n=ansible |   hosts (2):
2024-06-10 05:05:20,465 p=54606 u=root n=ansible |     192.168.0.102
2024-06-10 05:05:20,465 p=54606 u=root n=ansible |     192.168.0.101
2024-06-10 05:05:34,621 p=54618 u=root n=ansible |   hosts (2):
2024-06-10 05:05:34,621 p=54618 u=root n=ansible |     192.168.0.62
2024-06-10 05:05:34,621 p=54618 u=root n=ansible |     192.168.0.61
2024-06-10 05:05:48,401 p=54621 u=root n=ansible |   hosts (1):
2024-06-10 05:05:48,401 p=54621 u=root n=ansible |     centos1
2024-06-10 05:06:01,334 p=54624 u=root n=ansible |   hosts (4):
2024-06-10 05:06:01,335 p=54624 u=root n=ansible |     192.168.0.61
2024-06-10 05:06:01,335 p=54624 u=root n=ansible |     192.168.0.62
2024-06-10 05:06:01,335 p=54624 u=root n=ansible |     centos1
2024-06-10 05:06:01,335 p=54624 u=root n=ansible |     centos2
2024-06-10 05:34:30,181 p=57097 u=root n=ansible | PLAY [NetApp Cluster1 System Setup] ********************************************
2024-06-10 05:34:36,602 p=57097 u=root n=ansible | TASK [Create and Online New Data Aggregate Node1] ******************************
2024-06-10 05:34:36,605 p=57097 u=root n=ansible | changed: [localhost] => (item={'name': 'aggr1_cluster1_01_data', 'node': 'cluster1-01', 'diskcount': 13})
2024-06-10 05:34:38,544 p=57097 u=root n=ansible | changed: [localhost] => (item={'name': 'aggr1_cluster1_02_data', 'node': 'cluster1-02', 'diskcount': 13})
2024-06-10 05:34:49,615 p=57097 u=root n=ansible | TASK [Create Vserver] **********************************************************
2024-06-10 05:34:49,615 p=57097 u=root n=ansible | changed: [localhost] => (item={'name': 'svm1', 'rootvol': 'svm1_root', 'rootaggr': 'aggr1_cluster1_01_data', 'aggr_list': 'aggr1_cluster1_01_data', 'allowed_protocols': 'nfs', 'dns_servers': '192.168.0.253', 'domain': 'demo.netapp.com'})
2024-06-10 05:34:50,831 p=57097 u=root n=ansible | TASK [Create NFS LIF Node1] ****************************************************
2024-06-10 05:34:50,831 p=57097 u=root n=ansible | changed: [localhost] => (item={'name': 'nfs_lif01', 'ip_addr': '192.168.0.141', 'netmask': '255.255.255.0', 'node': 'cluster1-01', 'vserver': 'svm1', 'home': 'e0c'})
2024-06-10 05:34:51,794 p=57097 u=root n=ansible | changed: [localhost] => (item={'name': 'nfs_lif02', 'ip_addr': '192.168.0.142', 'netmask': '255.255.255.0', 'node': 'cluster1-02', 'vserver': 'svm1', 'home': 'e0c'})
2024-06-10 05:34:52,723 p=57097 u=root n=ansible | TASK [Start NFS] ***************************************************************
2024-06-10 05:34:52,724 p=57097 u=root n=ansible | changed: [localhost] => (item={'name': 'svm1', 'rootvol': 'svm1_root', 'rootaggr': 'aggr1_cluster1_01_data', 'aggr_list': 'aggr1_cluster1_01_data', 'allowed_protocols': 'nfs', 'dns_servers': '192.168.0.253', 'domain': 'demo.netapp.com'})
2024-06-10 05:34:53,596 p=57097 u=root n=ansible | TASK [Add NFS Export Rule Under Default Policy] ********************************
2024-06-10 05:34:53,597 p=57097 u=root n=ansible | changed: [localhost] => (item={'name': 'svm1', 'rootvol': 'svm1_root', 'rootaggr': 'aggr1_cluster1_01_data', 'aggr_list': 'aggr1_cluster1_01_data', 'allowed_protocols': 'nfs', 'dns_servers': '192.168.0.253', 'domain': 'demo.netapp.com'})
2024-06-10 05:34:54,457 p=57097 u=root n=ansible | TASK [Add DNS Settings to svm] *************************************************
2024-06-10 05:34:54,457 p=57097 u=root n=ansible | changed: [localhost] => (item={'name': 'svm1', 'rootvol': 'svm1_root', 'rootaggr': 'aggr1_cluster1_01_data', 'aggr_list': 'aggr1_cluster1_01_data', 'allowed_protocols': 'nfs', 'dns_servers': '192.168.0.253', 'domain': 'demo.netapp.com'})
2024-06-10 05:34:57,616 p=57097 u=root n=ansible | TASK [Create Volumes] **********************************************************
2024-06-10 05:34:57,616 p=57097 u=root n=ansible | changed: [localhost] => (item={'name': 'vol1', 'size': 1, 'aggr': 'aggr1_cluster1_01_data', 'vserver': 'svm1', 'security_style': 'unix'})
2024-06-10 05:34:59,197 p=57097 u=root n=ansible | changed: [localhost] => (item={'name': 'vol2', 'size': 2, 'aggr': 'aggr1_cluster1_01_data', 'vserver': 'svm1', 'security_style': 'unix'})
2024-06-10 05:35:01,248 p=57097 u=root n=ansible | changed: [localhost] => (item={'name': 'vol3', 'size': 3, 'aggr': 'aggr1_cluster1_01_data', 'vserver': 'svm1', 'security_style': 'unix'})
2024-06-10 05:35:01,251 p=57097 u=root n=ansible | [WARNING]: Cannot perform actions: modify when volume is offline.

2024-06-10 05:35:01,266 p=57097 u=root n=ansible | PLAY RECAP *********************************************************************
2024-06-10 05:35:01,266 p=57097 u=root n=ansible | localhost                  : ok=7    changed=7    unreachable=0    failed=0    skipped=0    rescued=0    ignored=0   
2024-06-10 08:21:55,714 p=62151 u=root n=ansible | ERROR! the playbook: create_volume could not be found
2024-06-10 08:21:59,111 p=62157 u=root n=ansible | PLAY [localhost] ***************************************************************
2024-06-10 08:22:01,103 p=62157 u=root n=ansible | TASK [Create primary SVM] ******************************************************
2024-06-10 08:22:01,104 p=62157 u=root n=ansible | [WARNING]: Cannot perform actions: modify when volume is offline.

2024-06-10 08:22:01,104 p=62157 u=root n=ansible | changed: [localhost]
2024-06-10 08:22:01,120 p=62157 u=root n=ansible | PLAY RECAP *********************************************************************
2024-06-10 08:22:01,120 p=62157 u=root n=ansible | localhost                  : ok=1    changed=1    unreachable=0    failed=0    skipped=0    rescued=0    ignored=0   
2024-06-10 08:25:56,750 p=62652 u=root n=ansible | PLAY [localhost] ***************************************************************
2024-06-10 08:25:57,819 p=62652 u=root n=ansible | TASK [Create primary SVM] ******************************************************
2024-06-10 08:25:57,820 p=62652 u=root n=ansible | changed: [localhost]
2024-06-10 08:25:57,837 p=62652 u=root n=ansible | PLAY RECAP *********************************************************************
2024-06-10 08:25:57,838 p=62652 u=root n=ansible | localhost                  : ok=1    changed=1    unreachable=0    failed=0    skipped=0    rescued=0    ignored=0   
2024-06-10 08:29:04,313 p=62888 u=root n=ansible | PLAY [localhost] ***************************************************************
2024-06-10 08:29:04,907 p=62888 u=root n=ansible | TASK [Create primary SVM] ******************************************************
2024-06-10 08:29:04,909 p=62888 u=root n=ansible | fatal: [localhost]: FAILED! => {"changed": false, "msg": "Unsupported parameters for (na_ontap_cifs) module: security_style. Supported parameters include: access_based_enumeration, allow_unencrypted_access, browsable, cert_filepath, change_notify, comment, continuously_available, encryption, feature_flags, force_ontap_version, home_directory, hostname, http_port, https, key_filepath, name, namespace_caching, ontapi, oplocks, password, path, share_properties, show_previous_versions, show_snapshot, state, symlink_properties, unix_symlink, use_rest, username, validate_certs, vscan_fileop_profile, vserver (pass, share_name, user)."}
2024-06-10 08:29:04,911 p=62888 u=root n=ansible | PLAY RECAP *********************************************************************
2024-06-10 08:29:04,911 p=62888 u=root n=ansible | localhost                  : ok=0    changed=0    unreachable=0    failed=1    skipped=0    rescued=0    ignored=0   
2024-06-10 08:29:27,151 p=62911 u=root n=ansible | PLAY [localhost] ***************************************************************
2024-06-10 08:29:28,007 p=62911 u=root n=ansible | TASK [Create primary SVM] ******************************************************
2024-06-10 08:29:28,009 p=62911 u=root n=ansible | changed: [localhost]
2024-06-10 08:29:28,030 p=62911 u=root n=ansible | PLAY RECAP *********************************************************************
2024-06-10 08:29:28,031 p=62911 u=root n=ansible | localhost                  : ok=1    changed=1    unreachable=0    failed=0    skipped=0    rescued=0    ignored=0   
2024-06-10 09:46:05,524 p=65055 u=root n=ansible | PLAY [localhost] ***************************************************************
2024-06-10 09:46:06,128 p=65055 u=root n=ansible | TASK [Create volume on primary SVM] ********************************************
2024-06-10 09:46:06,129 p=65055 u=root n=ansible | fatal: [localhost]: FAILED! => {"changed": false, "msg": "Unsupported parameters for (na_ontap_qtree) module: comment. Supported parameters include: cert_filepath, export_policy, feature_flags, flexvol_name, force_delete, force_ontap_version, from_name, hostname, http_port, https, key_filepath, name, ontapi, oplocks, password, security_style, state, time_out, unix_group, unix_permissions, unix_user, use_rest, username, validate_certs, vserver, wait_for_completion (pass, user)."}
2024-06-10 09:46:06,130 p=65055 u=root n=ansible | PLAY RECAP *********************************************************************
2024-06-10 09:46:06,130 p=65055 u=root n=ansible | localhost                  : ok=0    changed=0    unreachable=0    failed=1    skipped=0    rescued=0    ignored=0   
2024-06-10 09:46:23,315 p=65078 u=root n=ansible | PLAY [localhost] ***************************************************************
2024-06-10 09:46:24,446 p=65078 u=root n=ansible | TASK [Create volume on primary SVM] ********************************************
2024-06-10 09:46:24,447 p=65078 u=root n=ansible | changed: [localhost]
2024-06-10 09:46:24,475 p=65078 u=root n=ansible | PLAY RECAP *********************************************************************
2024-06-10 09:46:24,475 p=65078 u=root n=ansible | localhost                  : ok=1    changed=1    unreachable=0    failed=0    skipped=0    rescued=0    ignored=0   
2024-06-10 09:49:45,372 p=65162 u=root n=ansible | PLAY [localhost] ***************************************************************
2024-06-10 09:49:45,994 p=65162 u=root n=ansible | TASK [Create volume on primary SVM] ********************************************
2024-06-10 09:49:45,995 p=65162 u=root n=ansible | fatal: [localhost]: FAILED! => {"changed": false, "msg": "value of protocol must be one or more of: any, nfs, nfs3, nfs4, cifs, flexcache. Got no match for: nfsv3"}
2024-06-10 09:49:45,997 p=65162 u=root n=ansible | PLAY RECAP *********************************************************************
2024-06-10 09:49:45,997 p=65162 u=root n=ansible | localhost                  : ok=0    changed=0    unreachable=0    failed=1    skipped=0    rescued=0    ignored=0   
2024-06-10 09:50:15,386 p=65188 u=root n=ansible | PLAY [localhost] ***************************************************************
2024-06-10 09:50:16,233 p=65188 u=root n=ansible | TASK [Create volume on primary SVM] ********************************************
2024-06-10 09:50:16,235 p=65188 u=root n=ansible | changed: [localhost]
2024-06-10 09:50:16,261 p=65188 u=root n=ansible | PLAY RECAP *********************************************************************
2024-06-10 09:50:16,261 p=65188 u=root n=ansible | localhost                  : ok=1    changed=1    unreachable=0    failed=0    skipped=0    rescued=0    ignored=0   
2024-06-11 10:23:26,391 p=110685 u=root n=ansible | PLAY [localhost] ***************************************************************
2024-06-11 10:23:27,239 p=110685 u=root n=ansible | TASK [Create an s3 user] *******************************************************
2024-06-11 10:23:27,240 p=110685 u=root n=ansible | changed: [localhost]
2024-06-11 10:23:27,266 p=110685 u=root n=ansible | TASK [print variables] *********************************************************
2024-06-11 10:23:27,267 p=110685 u=root n=ansible | ok: [localhost] => {
    "msg": "Access Key UZWIG42E1M6GPIOU6FXW and Secret Key 28N2BB2FPpe9lxzMC91cd9pp3_yPi4Ysa9B2QYM_"
}
2024-06-11 10:23:27,295 p=110685 u=root n=ansible | TASK [Check the result] ********************************************************
2024-06-11 10:23:27,296 p=110685 u=root n=ansible | ok: [localhost] => {
    "changed": false,
    "msg": "All assertions passed"
}
2024-06-11 10:23:27,309 p=110685 u=root n=ansible | PLAY RECAP *********************************************************************
2024-06-11 10:23:27,309 p=110685 u=root n=ansible | localhost                  : ok=3    changed=1    unreachable=0    failed=0    skipped=0    rescued=0    ignored=0   
2024-06-11 10:26:16,827 p=111163 u=root n=ansible | PLAY [localhost] ***************************************************************
2024-06-11 10:26:35,575 p=111163 u=root n=ansible | TASK [Create a S3 bucket] ******************************************************
2024-06-11 10:26:35,576 p=111163 u=root n=ansible | changed: [localhost]
2024-06-11 10:26:35,605 p=111163 u=root n=ansible | PLAY RECAP *********************************************************************
2024-06-11 10:26:35,605 p=111163 u=root n=ansible | localhost                  : ok=1    changed=1    unreachable=0    failed=0    skipped=0    rescued=0    ignored=0   
2024-06-11 11:18:54,996 p=112543 u=root n=ansible | PLAY [localhost] ***************************************************************
2024-06-11 11:18:55,744 p=112543 u=root n=ansible | TASK [Create an s3 user] *******************************************************
2024-06-11 11:18:55,746 p=112543 u=root n=ansible | ok: [localhost]
2024-06-11 11:18:55,778 p=112543 u=root n=ansible | TASK [print variables] *********************************************************
2024-06-11 11:18:55,779 p=112543 u=root n=ansible | ok: [localhost] => {
    "msg": "Access Key  and Secret Key "
}
2024-06-11 11:18:55,828 p=112543 u=root n=ansible | TASK [Check the result] ********************************************************
2024-06-11 11:18:55,829 p=112543 u=root n=ansible | fatal: [localhost]: FAILED! => {
    "assertion": "result.access_key",
    "changed": false,
    "evaluated_to": false,
    "msg": "Assertion failed"
}
2024-06-11 11:18:55,830 p=112543 u=root n=ansible | PLAY RECAP *********************************************************************
2024-06-11 11:18:55,830 p=112543 u=root n=ansible | localhost                  : ok=2    changed=0    unreachable=0    failed=1    skipped=0    rescued=0    ignored=0   
2025-08-30 22:30:52,921 p=10818 u=adrian n=ansible |   hosts (2):
2025-08-30 22:30:52,921 p=10818 u=adrian n=ansible |     192.168.0.102
2025-08-30 22:30:52,921 p=10818 u=adrian n=ansible |     192.168.2.252
2025-08-30 22:31:09,630 p=10821 u=adrian n=ansible |   hosts (2):
2025-08-30 22:31:09,630 p=10821 u=adrian n=ansible |     192.168.0.62
2025-08-30 22:31:09,630 p=10821 u=adrian n=ansible |     192.168.43.129
2025-08-30 22:32:15,745 p=10834 u=adrian n=ansible | centos1 | FAILED! => {
    "msg": "Using a SSH password instead of a key is not possible because Host Key checking is enabled and sshpass does not support this.  Please add this host's fingerprint to your known_hosts file to manage this host."
}
2025-08-30 22:32:27,075 p=10844 u=adrian n=ansible |  [ERROR]: User interrupted execution

2025-08-30 22:32:39,500 p=10847 u=adrian n=ansible | centos1 | UNREACHABLE! => {
    "changed": false,
    "msg": "Failed to connect to the host via ssh: Warning: Permanently added 'centos1' (ED25519) to the list of known hosts.\r\nadrian@centos1: Permission denied (publickey,password).",
    "unreachable": true
}
2025-08-30 22:33:08,088 p=10867 u=adrian n=ansible | centos1 | SUCCESS => {
    "ansible_facts": {
        "discovered_interpreter_python": "/usr/bin/python3"
    },
    "changed": false,
    "ping": "pong"
}
2025-08-30 22:33:50,593 p=10966 u=adrian n=ansible | centos1 | SUCCESS => {
    "ansible_facts": {
        "discovered_interpreter_python": "/usr/bin/python3"
    },
    "changed": false,
    "ping": "pong"
}
2025-08-30 22:33:58,206 p=11015 u=adrian n=ansible | centos1 | SUCCESS => {
    "ansible_facts": {
        "discovered_interpreter_python": "/usr/bin/python3"
    },
    "changed": false,
    "ping": "pong"
}
2025-08-30 22:35:09,223 p=11077 u=adrian n=ansible | centos1 | FAILED! => {
    "ansible_facts": {
        "discovered_interpreter_python": "/usr/bin/python3"
    },
    "changed": false,
    "msg": "'/usr/bin/apt-mark manual python3' failed: E: Could not create temporary file for /var/lib/apt/extended_states - mkstemp (13: Permission denied)\nE: Failed to write temporary StateFile /var/lib/apt/extended_states\n",
    "rc": 100,
    "stderr": "E: Could not create temporary file for /var/lib/apt/extended_states - mkstemp (13: Permission denied)\nE: Failed to write temporary StateFile /var/lib/apt/extended_states\n",
    "stderr_lines": [
        "E: Could not create temporary file for /var/lib/apt/extended_states - mkstemp (13: Permission denied)",
        "E: Failed to write temporary StateFile /var/lib/apt/extended_states"
    ],
    "stdout": "",
    "stdout_lines": []
}
2025-08-30 22:35:24,556 p=11180 u=adrian n=ansible | centos1 | FAILED! => {
    "ansible_facts": {
        "discovered_interpreter_python": "/usr/bin/python3"
    },
    "changed": false,
    "msg": "'/usr/bin/apt-mark manual python3' failed: E: Could not create temporary file for /var/lib/apt/extended_states - mkstemp (13: Permission denied)\nE: Failed to write temporary StateFile /var/lib/apt/extended_states\n",
    "rc": 100,
    "stderr": "E: Could not create temporary file for /var/lib/apt/extended_states - mkstemp (13: Permission denied)\nE: Failed to write temporary StateFile /var/lib/apt/extended_states\n",
    "stderr_lines": [
        "E: Could not create temporary file for /var/lib/apt/extended_states - mkstemp (13: Permission denied)",
        "E: Failed to write temporary StateFile /var/lib/apt/extended_states"
    ],
    "stdout": "",
    "stdout_lines": []
}
2025-08-30 22:35:54,791 p=11234 u=adrian n=ansible | centos1 | UNREACHABLE! => {
    "changed": false,
    "msg": "Invalid/incorrect password: Permission denied, please try again.",
    "unreachable": true
}
2025-08-30 22:36:04,339 p=11244 u=adrian n=ansible | centos1 | UNREACHABLE! => {
    "changed": false,
    "msg": "Invalid/incorrect password: Permission denied, please try again.",
    "unreachable": true
}
2025-08-30 22:36:19,302 p=11254 u=adrian n=ansible | centos1 | UNREACHABLE! => {
    "changed": false,
    "msg": "Invalid/incorrect password: Permission denied, please try again.",
    "unreachable": true
}
2025-08-30 22:36:52,867 p=11287 u=adrian n=ansible | centos1 | UNREACHABLE! => {
    "changed": false,
    "msg": "Invalid/incorrect password: Permission denied, please try again.",
    "unreachable": true
}
2025-08-30 22:37:03,839 p=11297 u=adrian n=ansible | centos1 | UNREACHABLE! => {
    "changed": false,
    "msg": "Invalid/incorrect password: Permission denied, please try again.",
    "unreachable": true
}
2025-08-30 22:37:35,121 p=11320 u=adrian n=ansible | centos1 | UNREACHABLE! => {
    "changed": false,
    "msg": "Invalid/incorrect password: Permission denied, please try again.",
    "unreachable": true
}
2025-08-30 22:38:12,541 p=11330 u=adrian n=ansible | centos1 | FAILED! => {
    "msg": "The module touch was not found in configured module paths"
}
2025-08-30 22:38:40,587 p=11409 u=adrian n=ansible | centos1 | FAILED! => {
    "msg": "The module date was not found in configured module paths"
}
2025-08-30 22:41:38,946 p=11465 u=adrian n=ansible | ERROR! Neither the collection requirement entry key 'name', nor 'source' point to a concrete resolvable collection artifact. Also 'name' is not an FQCN. A valid collection name must be in the format <namespace>.<collection>. Please make sure that the namespace and the collection name contain characters from [a-zA-Z0-9_] only.

Could not find ansible.builtin.apt.
2025-08-30 22:44:24,218 p=11504 u=adrian n=ansible | centos1 | SUCCESS => {
    "ansible_facts": {
        "discovered_interpreter_python": "/usr/bin/python3"
    },
    "cache_update_time": 1756491108,
    "cache_updated": false,
    "changed": false
}
2025-08-30 22:45:57,400 p=11844 u=adrian n=ansible | centos1 | CHANGED => {
    "ansible_facts": {
        "discovered_interpreter_python": "/usr/bin/python3"
    },
    "changed": true,
    "checksum": "c7a0115d500678443c910df6e13dffecdfb6e224",
    "dest": "/tmp/ansible-test",
    "gid": 0,
    "group": "root",
    "md5sum": "cb8af859429616b833c146e151adc68f",
    "mode": "0644",
    "owner": "root",
    "size": 294,
    "src": "/root/.ansible/tmp/ansible-tmp-1756583156.5147965-11848-62817127710852/source",
    "state": "file",
    "uid": 0
}
2025-08-30 22:47:17,782 p=12171 u=adrian n=ansible | centos1 | SUCCESS => {
    "ansible_facts": {
        "discovered_interpreter_python": "/usr/bin/python3"
    },
    "changed": false,
    "checksum": "c7a0115d500678443c910df6e13dffecdfb6e224",
    "dest": "/tmp/ansible-test",
    "gid": 0,
    "group": "root",
    "mode": "0644",
    "owner": "root",
    "path": "/tmp/ansible-test",
    "size": 294,
    "state": "file",
    "uid": 0
}
2025-08-30 22:57:04,501 p=12794 u=adrian n=ansible | ERROR! 'netapp.ontap.na_ontap_info' is not a valid attribute for a Play

The error appears to be in '/home/adrian/ansible-workshop/ontap_info.yml': line 1, column 3, but may
be elsewhere in the file depending on the exact syntax problem.

The offending line appears to be:


- name: Get NetApp info as Cluster Admin (Password Authentication)
  ^ here

2025-08-30 22:57:46,807 p=12804 u=adrian n=ansible | ERROR! 'netapp.ontap.na_ontap_info' is not a valid attribute for a Play

The error appears to be in '/home/adrian/ansible-workshop/ontap_info.yml': line 1, column 3, but may
be elsewhere in the file depending on the exact syntax problem.

The offending line appears to be:


- name: Info
  ^ here

2025-08-30 22:58:25,427 p=12819 u=adrian n=ansible | ERROR! 'netapp.ontap.na_ontap_info' is not a valid attribute for a Play

The error appears to be in '/home/adrian/ansible-workshop/ontap_info.yml': line 2, column 3, but may
be elsewhere in the file depending on the exact syntax problem.

The offending line appears to be:

#!/usr/bin/env ansible-playbook
- name: Info
  ^ here

2025-08-30 22:59:35,112 p=12826 u=adrian n=ansible | ERROR! 'netapp.ontap.na_ontap_info' is not a valid attribute for a Play

The error appears to be in '/home/adrian/ansible-workshop/ontap_info.yml': line 22, column 3, but may
be elsewhere in the file depending on the exact syntax problem.

The offending line appears to be:


- name: Info
  ^ here

2025-08-30 23:00:08,819 p=12831 u=adrian n=ansible | ERROR! We were unable to read either as JSON nor YAML, these are the errors we got from each:
JSON: Expecting value: line 1 column 1 (char 0)

Syntax Error while loading YAML.
  did not find expected key

The error appears to be in '/home/adrian/ansible-workshop/ontap_info.yml': line 22, column 4, but may
be elsewhere in the file depending on the exact syntax problem.

The offending line appears to be:


   - name: Info
   ^ here

2025-08-30 23:00:26,385 p=12840 u=adrian n=ansible | ERROR! We were unable to read either as JSON nor YAML, these are the errors we got from each:
JSON: Expecting value: line 1 column 1 (char 0)

Syntax Error while loading YAML.
  did not find expected '-' indicator

The error appears to be in '/home/adrian/ansible-workshop/ontap_info.yml': line 21, column 1, but may
be elsewhere in the file depending on the exact syntax problem.

The offending line appears to be:


tasks:
^ here

2025-08-30 23:00:50,251 p=12847 u=adrian n=ansible | ERROR! We were unable to read either as JSON nor YAML, these are the errors we got from each:
JSON: Expecting value: line 1 column 1 (char 0)

Syntax Error while loading YAML.
  did not find expected '-' indicator

The error appears to be in '/home/adrian/ansible-workshop/ontap_info.yml': line 21, column 2, but may
be elsewhere in the file depending on the exact syntax problem.

The offending line appears to be:


 tasks:
 ^ here

2025-08-30 23:01:31,188 p=12852 u=adrian n=ansible | ERROR! We were unable to read either as JSON nor YAML, these are the errors we got from each:
JSON: Expecting value: line 1 column 1 (char 0)

Syntax Error while loading YAML.
  did not find expected '-' indicator

The error appears to be in '/home/adrian/ansible-workshop/ontap_info.yml': line 21, column 2, but may
be elsewhere in the file depending on the exact syntax problem.

The offending line appears to be:


 tasks:
 ^ here

2025-08-30 23:02:24,159 p=12861 u=adrian n=ansible | PLAY [localhost] **************************************************************************************************************************************************************************************************
2025-08-30 23:02:24,895 p=12861 u=adrian n=ansible | TASK [Info] *******************************************************************************************************************************************************************************************************
2025-08-30 23:02:24,896 p=12861 u=adrian n=ansible | An exception occurred during task execution. To see the full traceback, use -vvv. The error was: netapp_lib.api.zapi.zapi.NaApiError: NetApp API failed. Reason - URL error:URLError(gaierror(-3, 'Temporary failure in name resolution'))
2025-08-30 23:02:24,897 p=12861 u=adrian n=ansible | [WARNING]: The module only supports ZAPI and is deprecated, and will no longer work with newer versions of ONTAP when ONTAPI is deprecated in CY22-Q4

2025-08-30 23:02:24,897 p=12861 u=adrian n=ansible | [WARNING]: netapp.ontap.na_ontap_rest_info should be used instead.

2025-08-30 23:02:24,897 p=12861 u=adrian n=ansible | [WARNING]: With version 22.0.0 ONTAPI (ZAPI) has been deprecated. The final ONTAP version to support ZAPI is ONTAP 9.13.1.  ZAPI calls in these modules will continue to work for ONTAP versions that supports
ZAPI.  You can update your playbook to use REST by adding use_rest: always to your playbook.  More information can be found at: https://github.com/ansible-collections/netapp.ontap

2025-08-30 23:02:24,898 p=12861 u=adrian n=ansible | fatal: [localhost]: FAILED! => {"changed": false, "msg": "Error calling API system-get-ontapi-version: NetApp API failed. Reason - URL error:URLError(gaierror(-3, 'Temporary failure in name resolution'))"}
2025-08-30 23:02:24,899 p=12861 u=adrian n=ansible | PLAY RECAP ********************************************************************************************************************************************************************************************************
2025-08-30 23:02:24,900 p=12861 u=adrian n=ansible | localhost                  : ok=0    changed=0    unreachable=0    failed=1    skipped=0    rescued=0    ignored=0   
2025-08-30 23:40:00,043 p=13950 u=adrian n=ansible | [WARNING]: While constructing a mapping from /home/adrian/ansible-workshop/create_volume.yml, line 40, column 7, found a duplicate dict key (vserver). Using last defined value only.

2025-08-30 23:40:00,082 p=13950 u=adrian n=ansible | PLAY [localhost] **************************************************************************************************************************************************************************************************
2025-08-30 23:40:00,632 p=13950 u=adrian n=ansible | TASK [Create volume] **********************************************************************************************************************************************************************************************
2025-08-30 23:40:00,632 p=13950 u=adrian n=ansible | fatal: [localhost]: FAILED! => {"changed": false, "msg": "parameters are mutually exclusive: space_guarantee|space_slo"}
2025-08-30 23:40:00,633 p=13950 u=adrian n=ansible | PLAY RECAP ********************************************************************************************************************************************************************************************************
2025-08-30 23:40:00,633 p=13950 u=adrian n=ansible | localhost                  : ok=0    changed=0    unreachable=0    failed=1    skipped=0    rescued=0    ignored=0   
2025-08-30 23:41:26,507 p=13989 u=adrian n=ansible | [WARNING]: While constructing a mapping from /home/adrian/ansible-workshop/create_volume.yml, line 40, column 7, found a duplicate dict key (vserver). Using last defined value only.

2025-08-30 23:41:26,550 p=13989 u=adrian n=ansible | PLAY [localhost] **************************************************************************************************************************************************************************************************
2025-08-30 23:41:27,097 p=13989 u=adrian n=ansible | TASK [Create volume] **********************************************************************************************************************************************************************************************
2025-08-30 23:41:27,097 p=13989 u=adrian n=ansible | fatal: [localhost]: FAILED! => {"changed": false, "msg": "REST API currently does not support 'nvfail_enabled, space_slo'"}
2025-08-30 23:41:27,098 p=13989 u=adrian n=ansible | PLAY RECAP ********************************************************************************************************************************************************************************************************
2025-08-30 23:41:27,098 p=13989 u=adrian n=ansible | localhost                  : ok=0    changed=0    unreachable=0    failed=1    skipped=0    rescued=0    ignored=0   
2025-08-30 23:41:56,480 p=14020 u=adrian n=ansible | [WARNING]: While constructing a mapping from /home/adrian/ansible-workshop/create_volume.yml, line 40, column 7, found a duplicate dict key (vserver). Using last defined value only.

2025-08-30 23:41:56,519 p=14020 u=adrian n=ansible | PLAY [localhost] **************************************************************************************************************************************************************************************************
2025-08-30 23:41:58,125 p=14020 u=adrian n=ansible | TASK [Create volume] **********************************************************************************************************************************************************************************************
2025-08-30 23:41:58,125 p=14020 u=adrian n=ansible | fatal: [localhost]: FAILED! => {"changed": false, "msg": "calling: storage/volumes: got {'message': 'SVM \"ansibleVServer\" does not exist. ', 'code': '2621462', 'target': 'svm.name'}."}
2025-08-30 23:41:58,127 p=14020 u=adrian n=ansible | PLAY RECAP ********************************************************************************************************************************************************************************************************
2025-08-30 23:41:58,128 p=14020 u=adrian n=ansible | localhost                  : ok=0    changed=0    unreachable=0    failed=1    skipped=0    rescued=0    ignored=0   
2025-08-30 23:42:32,850 p=14057 u=adrian n=ansible | PLAY [localhost] **************************************************************************************************************************************************************************************************
2025-08-30 23:42:38,034 p=14057 u=adrian n=ansible | TASK [Create volume] **********************************************************************************************************************************************************************************************
2025-08-30 23:42:38,035 p=14057 u=adrian n=ansible | An exception occurred during task execution. To see the full traceback, use -vvv. The error was: NoneType: None
2025-08-30 23:42:38,035 p=14057 u=adrian n=ansible | fatal: [localhost]: FAILED! => {"changed": false, "msg": "Error creating volume volum_de_test: calling: storage/volumes: got {'message': 'QoS policy group \"max_performance_gold\" does not exist.', 'code': '8454243', 'target': 'qos.policy.name'}."}
2025-08-30 23:42:38,036 p=14057 u=adrian n=ansible | PLAY RECAP ********************************************************************************************************************************************************************************************************
2025-08-30 23:42:38,036 p=14057 u=adrian n=ansible | localhost                  : ok=0    changed=0    unreachable=0    failed=1    skipped=0    rescued=0    ignored=0   
2025-08-30 23:42:59,178 p=14088 u=adrian n=ansible | PLAY [localhost] **************************************************************************************************************************************************************************************************
2025-08-30 23:43:02,916 p=14088 u=adrian n=ansible | TASK [Create volume] **********************************************************************************************************************************************************************************************
2025-08-30 23:43:02,916 p=14088 u=adrian n=ansible | An exception occurred during task execution. To see the full traceback, use -vvv. The error was: NoneType: None
2025-08-30 23:43:02,917 p=14088 u=adrian n=ansible | fatal: [localhost]: FAILED! => {"changed": false, "msg": "Error modifying volume volum_de_test: calling: storage/volumes/eb6a15dd-85e1-11f0-bb82-005056a4c6af: got {'message': 'Modification not permitted. No support for user or group fields for security-style NTFS', 'code': '917533'}."}
2025-08-30 23:43:02,918 p=14088 u=adrian n=ansible | PLAY RECAP ********************************************************************************************************************************************************************************************************
2025-08-30 23:43:02,918 p=14088 u=adrian n=ansible | localhost                  : ok=0    changed=0    unreachable=0    failed=1    skipped=0    rescued=0    ignored=0   
2025-08-30 23:43:43,995 p=14118 u=adrian n=ansible | PLAY [localhost] **************************************************************************************************************************************************************************************************
2025-08-30 23:43:44,666 p=14118 u=adrian n=ansible | TASK [Create volume] **********************************************************************************************************************************************************************************************
2025-08-30 23:43:44,666 p=14118 u=adrian n=ansible | ok: [localhost]
2025-08-30 23:43:44,677 p=14118 u=adrian n=ansible | PLAY RECAP ********************************************************************************************************************************************************************************************************
2025-08-30 23:43:44,677 p=14118 u=adrian n=ansible | localhost                  : ok=1    changed=0    unreachable=0    failed=0    skipped=0    rescued=0    ignored=0   
2025-08-30 23:59:46,601 p=14184 u=adrian n=ansible | PLAY [localhost] **************************************************************************************************************************************************************************************************
2025-08-30 23:59:49,087 p=14184 u=adrian n=ansible | TASK [Create volume] **********************************************************************************************************************************************************************************************
2025-08-30 23:59:49,088 p=14184 u=adrian n=ansible | changed: [localhost]
2025-08-30 23:59:49,099 p=14184 u=adrian n=ansible | PLAY RECAP ********************************************************************************************************************************************************************************************************
2025-08-30 23:59:49,099 p=14184 u=adrian n=ansible | localhost                  : ok=1    changed=1    unreachable=0    failed=0    skipped=0    rescued=0    ignored=0   
